Running in Lattice mode

sourcing C:\lscc\iCEcube2.2016.02\synpbase\lib\message_override.tcl


Starting:    C:\lscc\iCEcube2.2016.02\synpbase\bin64\mbin\synbatch.exe
Install:     C:\lscc\iCEcube2.2016.02\synpbase
Hostname:    CHRIS-PC
Date:        Tue Aug 29 20:01:41 2017
Version:     K-2015.09L

Arguments:   -product synplify_pro -batch FunctionGen_syn.prj
ProductType: synplify_pro





auto_infer_blackbox is not supported in current product.
log file: "C:\Users\chris\OneDrive\HW_Projects\FuncGen\SynthesizerFiles\FunctionGen\FunctionGen_Implmnt\FunctionGen.srr"
Running: FunctionGen_Implmnt in foreground

Running FunctionGen_syn|FunctionGen_Implmnt

Running: compile (Compile) on FunctionGen_syn|FunctionGen_Implmnt

Running: compile_flow (Compile Process) on FunctionGen_syn|FunctionGen_Implmnt

Running: compiler (Compile Input) on FunctionGen_syn|FunctionGen_Implmnt
Copied C:\Users\chris\OneDrive\HW_Projects\FuncGen\SynthesizerFiles\FunctionGen\FunctionGen_Implmnt\synwork\FunctionGen_comp.srs to C:\Users\chris\OneDrive\HW_Projects\FuncGen\SynthesizerFiles\FunctionGen\FunctionGen_Implmnt\FunctionGen.srs

compiler Completed
Return Code: 0
Run Time:0h:00m:03s

Running: multi_srs_gen (Multi-srs Generator) on FunctionGen_syn|FunctionGen_Implmnt
Copied C:\Users\chris\OneDrive\HW_Projects\FuncGen\SynthesizerFiles\FunctionGen\FunctionGen_Implmnt\synwork\FunctionGen_comp.srs to C:\Users\chris\OneDrive\HW_Projects\FuncGen\SynthesizerFiles\FunctionGen\FunctionGen_Implmnt\synwork\FunctionGen_s.srs

multi_srs_gen Completed
Return Code: 0
Run Time:0h:00m:01s
Complete: Compile Process on FunctionGen_syn|FunctionGen_Implmnt

Running: premap (Pre-mapping) on FunctionGen_syn|FunctionGen_Implmnt
Copied C:\Users\chris\OneDrive\HW_Projects\FuncGen\SynthesizerFiles\FunctionGen\FunctionGen_Implmnt\FunctionGen.sap to C:\Users\chris\OneDrive\HW_Projects\FuncGen\SynthesizerFiles\FunctionGen\FunctionGen_Implmnt\synwork\FunctionGen_s.sap
Copied C:\Users\chris\OneDrive\HW_Projects\FuncGen\SynthesizerFiles\FunctionGen\FunctionGen_Implmnt\FunctionGen.fse to C:\Users\chris\OneDrive\HW_Projects\FuncGen\SynthesizerFiles\FunctionGen\FunctionGen_Implmnt\synwork\FunctionGen_s.fse

premap Completed with warnings
Return Code: 1
Run Time:0h:00m:02s
Complete: Compile on FunctionGen_syn|FunctionGen_Implmnt

Running: map (Map) on FunctionGen_syn|FunctionGen_Implmnt
License granted for 4 parallel jobs

Running: fpga_mapper (Map & Optimize) on FunctionGen_syn|FunctionGen_Implmnt
Copied C:\Users\chris\OneDrive\HW_Projects\FuncGen\SynthesizerFiles\FunctionGen\FunctionGen_Implmnt\synwork\FunctionGen_m.srm to C:\Users\chris\OneDrive\HW_Projects\FuncGen\SynthesizerFiles\FunctionGen\FunctionGen_Implmnt\FunctionGen.srm

fpga_mapper Completed with warnings
Return Code: 1
Run Time:0h:00m:04s
Complete: Map on FunctionGen_syn|FunctionGen_Implmnt
Complete: Logic Synthesis on FunctionGen_syn|FunctionGen_Implmnt

exit status=0

exit status=0

